This is pdfTeX, Version 3.14159265-2.6-1.40.19 (TeX Live 2018/W32TeX) (preloaded format=pdflatex 2018.7.10)  13 JUL 2018 19:21
entering extended mode
 restricted \write18 enabled.
 %&-line parsing enabled.
**review.tex
(./review.tex
LaTeX2e <2018-04-01> patch level 5
(./review.aux)
\openout1 = `review.aux'.

LaTeX Font Info:    Checking defaults for OML/cmm/m/it on input line 1.
LaTeX Font Info:    ... okay on input line 1.
LaTeX Font Info:    Checking defaults for T1/cmr/m/n on input line 1.
LaTeX Font Info:    ... okay on input line 1.
LaTeX Font Info:    Checking defaults for OT1/cmr/m/n on input line 1.
LaTeX Font Info:    ... okay on input line 1.
LaTeX Font Info:    Checking defaults for OMS/cmsy/m/n on input line 1.
LaTeX Font Info:    ... okay on input line 1.
LaTeX Font Info:    Checking defaults for OMX/cmex/m/n on input line 1.
LaTeX Font Info:    ... okay on input line 1.
LaTeX Font Info:    Checking defaults for U/cmr/m/n on input line 1.
LaTeX Font Info:    ... okay on input line 1.


! LaTeX Error: The font size command \normalsize is not defined:
               there is probably something wrong with the class file.

See the LaTeX manual or LaTeX Companion for explanation.
Type  H <return>  for immediate help.
 ...                                              
                                                  
l.1 \begin{document}
                    
Your command was ignored.
Type  I <command> <return>  to replace it with another command,
or  <return>  to continue without it.


! Package inputenc Error: Unicode character éº (U+907A)
(inputenc)                not set up for use with LaTeX.

See the inputenc package documentation for explanation.
Type  H <return>  for immediate help.
 ...                                              
                                                  
l.3 	éº
        ä¼çš„ã‚¢ãƒ«ã‚´ãƒªã‚ºãƒ ã«ã¤ã„ã¦ã¯ï¼Œä¼Šè—¤~\cite{110009437921}...

You may provide a definition with
\DeclareUnicodeCharacter 


! Package inputenc Error: Unicode character ä¼ (U+4F1D)
(inputenc)                not set up for use with LaTeX.

See the inputenc package documentation for explanation.
Type  H <return>  for immediate help.
 ...                                              
                                                  
l.3 	éºä¼
           çš„ã‚¢ãƒ«ã‚´ãƒªã‚ºãƒ ã«ã¤ã„ã¦ã¯ï¼Œä¼Šè—¤~\cite{110009437921}...

You may provide a definition with
\DeclareUnicodeCharacter 


! Package inputenc Error: Unicode character çš„ (U+7684)
(inputenc)                not set up for use with LaTeX.

See the inputenc package documentation for explanation.
Type  H <return>  for immediate help.
 ...                                              
                                                  
l.3 	éºä¼çš„
              ã‚¢ãƒ«ã‚´ãƒªã‚ºãƒ ã«ã¤ã„ã¦ã¯ï¼Œä¼Šè—¤~\cite{110009437921}...

You may provide a definition with
\DeclareUnicodeCharacter 


! Package inputenc Error: Unicode character ã‚¢ (U+30A2)
(inputenc)                not set up for use with LaTeX.

See the inputenc package documentation for explanation.
Type  H <return>  for immediate help.
 ...                                              
                                                  
l.3 	éºä¼çš„ã‚¢
                 ãƒ«ã‚´ãƒªã‚ºãƒ ã«ã¤ã„ã¦ã¯ï¼Œä¼Šè—¤~\cite{110009437921}...

You may provide a definition with
\DeclareUnicodeCharacter 


! Package inputenc Error: Unicode character ãƒ« (U+30EB)
(inputenc)                not set up for use with LaTeX.

See the inputenc package documentation for explanation.
Type  H <return>  for immediate help.
 ...                                              
                                                  
l.3 	éºä¼çš„ã‚¢ãƒ«
                    ã‚´ãƒªã‚ºãƒ ã«ã¤ã„ã¦ã¯ï¼Œä¼Šè—¤~\cite{110009437921}...

You may provide a definition with
\DeclareUnicodeCharacter 


! Package inputenc Error: Unicode character ã‚´ (U+30B4)
(inputenc)                not set up for use with LaTeX.

See the inputenc package documentation for explanation.
Type  H <return>  for immediate help.
 ...                                              
                                                  
l.3 	éºä¼çš„ã‚¢ãƒ«ã‚´
                       ãƒªã‚ºãƒ ã«ã¤ã„ã¦ã¯ï¼Œä¼Šè—¤~\cite{110009437921}...

You may provide a definition with
\DeclareUnicodeCharacter 


! Package inputenc Error: Unicode character ãƒª (U+30EA)
(inputenc)                not set up for use with LaTeX.

See the inputenc package documentation for explanation.
Type  H <return>  for immediate help.
 ...                                              
                                                  
l.3 	éºä¼çš„ã‚¢ãƒ«ã‚´ãƒª
                          ã‚ºãƒ ã«ã¤ã„ã¦ã¯ï¼Œä¼Šè—¤~\cite{110009437921}...

You may provide a definition with
\DeclareUnicodeCharacter 


! Package inputenc Error: Unicode character ã‚º (U+30BA)
(inputenc)                not set up for use with LaTeX.

See the inputenc package documentation for explanation.
Type  H <return>  for immediate help.
 ...                                              
                                                  
l.3 	éºä¼çš„ã‚¢ãƒ«ã‚´ãƒªã‚º
                             ãƒ ã«ã¤ã„ã¦ã¯ï¼Œä¼Šè—¤~\cite{110009437921}...

You may provide a definition with
\DeclareUnicodeCharacter 


! Package inputenc Error: Unicode character ãƒ  (U+30E0)
(inputenc)                not set up for use with LaTeX.

See the inputenc package documentation for explanation.
Type  H <return>  for immediate help.
 ...                                              
                                                  
l.3 	éºä¼çš„ã‚¢ãƒ«ã‚´ãƒªã‚ºãƒ 
                                ã«ã¤ã„ã¦ã¯ï¼Œä¼Šè—¤~\cite{110009437921}...

You may provide a definition with
\DeclareUnicodeCharacter 


! Package inputenc Error: Unicode character ã« (U+306B)
(inputenc)                not set up for use with LaTeX.

See the inputenc package documentation for explanation.
Type  H <return>  for immediate help.
 ...                                              
                                                  
l.3 	éºä¼çš„ã‚¢ãƒ«ã‚´ãƒªã‚ºãƒ ã«
                                   ã¤ã„ã¦ã¯ï¼Œä¼Šè—¤~\cite{110009437921}...

You may provide a definition with
\DeclareUnicodeCharacter 


! Package inputenc Error: Unicode character ã¤ (U+3064)
(inputenc)                not set up for use with LaTeX.

See the inputenc package documentation for explanation.
Type  H <return>  for immediate help.
 ...                                              
                                                  
l.3 	éºä¼çš„ã‚¢ãƒ«ã‚´ãƒªã‚ºãƒ ã«ã¤
                                      ã„ã¦ã¯ï¼Œä¼Šè—¤~\cite{110009437921}...

You may provide a definition with
\DeclareUnicodeCharacter 


! Package inputenc Error: Unicode character ã„ (U+3044)
(inputenc)                not set up for use with LaTeX.

See the inputenc package documentation for explanation.
Type  H <return>  for immediate help.
 ...                                              
                                                  
l.3 	éºä¼çš„ã‚¢ãƒ«ã‚´ãƒªã‚ºãƒ ã«ã¤ã„
                                         ã¦ã¯ï¼Œä¼Šè—¤~\cite{110009437921}...

You may provide a definition with
\DeclareUnicodeCharacter 


! Package inputenc Error: Unicode character ã¦ (U+3066)
(inputenc)                not set up for use with LaTeX.

See the inputenc package documentation for explanation.
Type  H <return>  for immediate help.
 ...                                              
                                                  
l.3 	éºä¼çš„ã‚¢ãƒ«ã‚´ãƒªã‚ºãƒ ã«ã¤ã„ã¦
                                            ã¯ï¼Œä¼Šè—¤~\cite{110009437921}...

You may provide a definition with
\DeclareUnicodeCharacter 


! Package inputenc Error: Unicode character ã¯ (U+306F)
(inputenc)                not set up for use with LaTeX.

See the inputenc package documentation for explanation.
Type  H <return>  for immediate help.
 ...                                              
                                                  
l.3 	éºä¼çš„ã‚¢ãƒ«ã‚´ãƒªã‚ºãƒ ã«ã¤ã„ã¦ã¯
                                               ï¼Œä¼Šè—¤~\cite{110009437921}...

You may provide a definition with
\DeclareUnicodeCharacter 


! Package inputenc Error: Unicode character ï¼Œ (U+FF0C)
(inputenc)                not set up for use with LaTeX.

See the inputenc package documentation for explanation.
Type  H <return>  for immediate help.
 ...                                              
                                                  
l.3 	éºä¼çš„ã‚¢ãƒ«ã‚´ãƒªã‚ºãƒ ã«ã¤ã„ã¦ã¯ï¼Œ
                                                  ä¼Šè—¤~\cite{110009437921}...

You may provide a definition with
\DeclareUnicodeCharacter 


! Package inputenc Error: Unicode character ä¼Š (U+4F0A)
(inputenc)                not set up for use with LaTeX.

See the inputenc package documentation for explanation.
Type  H <return>  for immediate help.
 ...                                              
                                                  
l.3 ...çš„ã‚¢ãƒ«ã‚´ãƒªã‚ºãƒ ã«ã¤ã„ã¦ã¯ï¼Œä¼Š
                                                  è—¤~\cite{110009437921}ã«...

You may provide a definition with
\DeclareUnicodeCharacter 


! Package inputenc Error: Unicode character è—¤ (U+85E4)
(inputenc)                not set up for use with LaTeX.

See the inputenc package documentation for explanation.
Type  H <return>  for immediate help.
 ...                                              
                                                  
l.3 ...„ã‚¢ãƒ«ã‚´ãƒªã‚ºãƒ ã«ã¤ã„ã¦ã¯ï¼Œä¼Šè—¤
                                                  ~\cite{110009437921}ã«è©³...

You may provide a definition with
\DeclareUnicodeCharacter 

Missing character: There is no [ in font nullfont!
! Undefined control sequence.
<write> ...: Citation `\@citeb ' on page \thepage 
                                                  \space undefined\on@line .
l.3 ...«ã¤ã„ã¦ã¯ï¼Œä¼Šè—¤~\cite{110009437921}
                                                  ã«è©³ã—ãè¿°ã¹ã‚‰ã‚Œã...
The control sequence at the end of the top line
of your error message was never \def'ed. If you have
misspelled it (e.g., `\hobx'), type `I' and the correct
spelling (e.g., `I\hbox'). Otherwise just continue,
and I'll forget about whatever was undefined.


LaTeX Warning: Citation `110009437921' on page  undefined on input line 3.

Missing character: There is no ] in font nullfont!

! Package inputenc Error: Unicode character ã« (U+306B)
(inputenc)                not set up for use with LaTeX.

See the inputenc package documentation for explanation.
Type  H <return>  for immediate help.
 ...                                              
                                                  
l.3 ...¤ã„ã¦ã¯ï¼Œä¼Šè—¤~\cite{110009437921}ã«
                                                  è©³ã—ãè¿°ã¹ã‚‰ã‚Œã¦ã...

You may provide a definition with
\DeclareUnicodeCharacter 


! Package inputenc Error: Unicode character è©³ (U+8A73)
(inputenc)                not set up for use with LaTeX.

See the inputenc package documentation for explanation.
Type  H <return>  for immediate help.
 ...                                              
                                                  
l.3 ...„ã¦ã¯ï¼Œä¼Šè—¤~\cite{110009437921}ã«è©³
                                                  ã—ãè¿°ã¹ã‚‰ã‚Œã¦ã„ã‚...

You may provide a definition with
\DeclareUnicodeCharacter 


! Package inputenc Error: Unicode character ã— (U+3057)
(inputenc)                not set up for use with LaTeX.

See the inputenc package documentation for explanation.
Type  H <return>  for immediate help.
 ...                                              
                                                  
l.3 ...¦ã¯ï¼Œä¼Šè—¤~\cite{110009437921}ã«è©³ã—
                                                  ãè¿°ã¹ã‚‰ã‚Œã¦ã„ã‚‹ï¼
You may provide a definition with
\DeclareUnicodeCharacter 


! Package inputenc Error: Unicode character ã (U+304F)
(inputenc)                not set up for use with LaTeX.

See the inputenc package documentation for explanation.
Type  H <return>  for immediate help.
 ...                                              
                                                  
l.3 ...¯ï¼Œä¼Šè—¤~\cite{110009437921}ã«è©³ã—ã
                                                  è¿°ã¹ã‚‰ã‚Œã¦ã„ã‚‹ï¼
You may provide a definition with
\DeclareUnicodeCharacter 


! Package inputenc Error: Unicode character è¿° (U+8FF0)
(inputenc)                not set up for use with LaTeX.

See the inputenc package documentation for explanation.
Type  H <return>  for immediate help.
 ...                                              
                                                  
l.3 ...¼Œä¼Šè—¤~\cite{110009437921}ã«è©³ã—ãè¿°
                                                  ã¹ã‚‰ã‚Œã¦ã„ã‚‹ï¼
You may provide a definition with
\DeclareUnicodeCharacter 


! Package inputenc Error: Unicode character ã¹ (U+3079)
(inputenc)                not set up for use with LaTeX.

See the inputenc package documentation for explanation.
Type  H <return>  for immediate help.
 ...                                              
                                                  
l.3 ...¼Šè—¤~\cite{110009437921}ã«è©³ã—ãè¿°ã¹
                                                  ã‚‰ã‚Œã¦ã„ã‚‹ï¼
You may provide a definition with
\DeclareUnicodeCharacter 


! Package inputenc Error: Unicode character ã‚‰ (U+3089)
(inputenc)                not set up for use with LaTeX.

See the inputenc package documentation for explanation.
Type  H <return>  for immediate help.
 ...                                              
                                                  
l.3 ...—¤~\cite{110009437921}ã«è©³ã—ãè¿°ã¹ã‚‰
                                                  ã‚Œã¦ã„ã‚‹ï¼
You may provide a definition with
\DeclareUnicodeCharacter 


! Package inputenc Error: Unicode character ã‚Œ (U+308C)
(inputenc)                not set up for use with LaTeX.

See the inputenc package documentation for explanation.
Type  H <return>  for immediate help.
 ...                                              
                                                  
l.3 ...\cite{110009437921}ã«è©³ã—ãè¿°ã¹ã‚‰ã‚Œ
                                                  ã¦ã„ã‚‹ï¼
You may provide a definition with
\DeclareUnicodeCharacter 


! Package inputenc Error: Unicode character ã¦ (U+3066)
(inputenc)                not set up for use with LaTeX.

See the inputenc package documentation for explanation.
Type  H <return>  for immediate help.
 ...                                              
                                                  
l.3 ...te{110009437921}ã«è©³ã—ãè¿°ã¹ã‚‰ã‚Œã¦
                                                  ã„ã‚‹ï¼
You may provide a definition with
\DeclareUnicodeCharacter 


! Package inputenc Error: Unicode character ã„ (U+3044)
(inputenc)                not set up for use with LaTeX.

See the inputenc package documentation for explanation.
Type  H <return>  for immediate help.
 ...                                              
                                                  
l.3 ...110009437921}ã«è©³ã—ãè¿°ã¹ã‚‰ã‚Œã¦ã„
                                                  ã‚‹ï¼
You may provide a definition with
\DeclareUnicodeCharacter 


! Package inputenc Error: Unicode character ã‚‹ (U+308B)
(inputenc)                not set up for use with LaTeX.

See the inputenc package documentation for explanation.
Type  H <return>  for immediate help.
 ...                                              
                                                  
l.3 ...009437921}ã«è©³ã—ãè¿°ã¹ã‚‰ã‚Œã¦ã„ã‚‹
                                                  ï¼
You may provide a definition with
\DeclareUnicodeCharacter 


! Package inputenc Error: Unicode character ï¼ (U+FF0E)
(inputenc)                not set up for use with LaTeX.

See the inputenc package documentation for explanation.
Type  H <return>  for immediate help.
 ...                                              
                                                  
l.3 ...437921}ã«è©³ã—ãè¿°ã¹ã‚‰ã‚Œã¦ã„ã‚‹ï¼
                                                  
You may provide a definition with
\DeclareUnicodeCharacter 


! Package inputenc Error: Unicode character å›£ (U+56E3)
(inputenc)                not set up for use with LaTeX.

See the inputenc package documentation for explanation.
Type  H <return>  for immediate help.
 ...                                              
                                                  
l.4 	å›£
        å¡Šä¸–ä»£ãŒã‚¤ãƒ³ã‚¿ãƒ¼ãƒãƒƒãƒˆã®åˆ©ç”¨ã«æŠµæŠ—æ„Ÿã‚’æŒã¤ã“ã...

You may provide a definition with
\DeclareUnicodeCharacter 


! Package inputenc Error: Unicode character å¡Š (U+584A)
(inputenc)                not set up for use with LaTeX.

See the inputenc package documentation for explanation.
Type  H <return>  for immediate help.
 ...                                              
                                                  
l.4 	å›£å¡Š
           ä¸–ä»£ãŒã‚¤ãƒ³ã‚¿ãƒ¼ãƒãƒƒãƒˆã®åˆ©ç”¨ã«æŠµæŠ—æ„Ÿã‚’æŒã¤ã“ã...

You may provide a definition with
\DeclareUnicodeCharacter 


! Package inputenc Error: Unicode character ä¸– (U+4E16)
(inputenc)                not set up for use with LaTeX.

See the inputenc package documentation for explanation.
Type  H <return>  for immediate help.
 ...                                              
                                                  
l.4 	å›£å¡Šä¸–
              ä»£ãŒã‚¤ãƒ³ã‚¿ãƒ¼ãƒãƒƒãƒˆã®åˆ©ç”¨ã«æŠµæŠ—æ„Ÿã‚’æŒã¤ã“ã...

You may provide a definition with
\DeclareUnicodeCharacter 


! Package inputenc Error: Unicode character ä»£ (U+4EE3)
(inputenc)                not set up for use with LaTeX.

See the inputenc package documentation for explanation.
Type  H <return>  for immediate help.
 ...                                              
                                                  
l.4 	å›£å¡Šä¸–ä»£
                 ãŒã‚¤ãƒ³ã‚¿ãƒ¼ãƒãƒƒãƒˆã®åˆ©ç”¨ã«æŠµæŠ—æ„Ÿã‚’æŒã¤ã“ã...

You may provide a definition with
\DeclareUnicodeCharacter 


! Package inputenc Error: Unicode character ãŒ (U+304C)
(inputenc)                not set up for use with LaTeX.

See the inputenc package documentation for explanation.
Type  H <return>  for immediate help.
 ...                                              
                                                  
l.4 	å›£å¡Šä¸–ä»£ãŒ
                    ã‚¤ãƒ³ã‚¿ãƒ¼ãƒãƒƒãƒˆã®åˆ©ç”¨ã«æŠµæŠ—æ„Ÿã‚’æŒã¤ã“ã...

You may provide a definition with
\DeclareUnicodeCharacter 


! Package inputenc Error: Unicode character ã‚¤ (U+30A4)
(inputenc)                not set up for use with LaTeX.

See the inputenc package documentation for explanation.
Type  H <return>  for immediate help.
 ...                                              
                                                  
l.4 	å›£å¡Šä¸–ä»£ãŒã‚¤
                       ãƒ³ã‚¿ãƒ¼ãƒãƒƒãƒˆã®åˆ©ç”¨ã«æŠµæŠ—æ„Ÿã‚’æŒã¤ã“ã...

You may provide a definition with
\DeclareUnicodeCharacter 


! Package inputenc Error: Unicode character ãƒ³ (U+30F3)
(inputenc)                not set up for use with LaTeX.

See the inputenc package documentation for explanation.
Type  H <return>  for immediate help.
 ...                                              
                                                  
l.4 	å›£å¡Šä¸–ä»£ãŒã‚¤ãƒ³
                          ã‚¿ãƒ¼ãƒãƒƒãƒˆã®åˆ©ç”¨ã«æŠµæŠ—æ„Ÿã‚’æŒã¤ã“ã...

You may provide a definition with
\DeclareUnicodeCharacter 


! Package inputenc Error: Unicode character ã‚¿ (U+30BF)
(inputenc)                not set up for use with LaTeX.

See the inputenc package documentation for explanation.
Type  H <return>  for immediate help.
 ...                                              
                                                  
l.4 	å›£å¡Šä¸–ä»£ãŒã‚¤ãƒ³ã‚¿
                             ãƒ¼ãƒãƒƒãƒˆã®åˆ©ç”¨ã«æŠµæŠ—æ„Ÿã‚’æŒã¤ã“ã...

You may provide a definition with
\DeclareUnicodeCharacter 


! Package inputenc Error: Unicode character ãƒ¼ (U+30FC)
(inputenc)                not set up for use with LaTeX.

See the inputenc package documentation for explanation.
Type  H <return>  for immediate help.
 ...                                              
                                                  
l.4 	å›£å¡Šä¸–ä»£ãŒã‚¤ãƒ³ã‚¿ãƒ¼
                                ãƒãƒƒãƒˆã®åˆ©ç”¨ã«æŠµæŠ—æ„Ÿã‚’æŒã¤ã“ã...

You may provide a definition with
\DeclareUnicodeCharacter 


! Package inputenc Error: Unicode character ãƒ (U+30CD)
(inputenc)                not set up for use with LaTeX.

See the inputenc package documentation for explanation.
Type  H <return>  for immediate help.
 ...                                              
                                                  
l.4 	å›£å¡Šä¸–ä»£ãŒã‚¤ãƒ³ã‚¿ãƒ¼ãƒ
                                   ãƒƒãƒˆã®åˆ©ç”¨ã«æŠµæŠ—æ„Ÿã‚’æŒã¤ã“ã...

You may provide a definition with
\DeclareUnicodeCharacter 


! Package inputenc Error: Unicode character ãƒƒ (U+30C3)
(inputenc)                not set up for use with LaTeX.

See the inputenc package documentation for explanation.
Type  H <return>  for immediate help.
 ...                                              
                                                  
l.4 	å›£å¡Šä¸–ä»£ãŒã‚¤ãƒ³ã‚¿ãƒ¼ãƒãƒƒ
                                      ãƒˆã®åˆ©ç”¨ã«æŠµæŠ—æ„Ÿã‚’æŒã¤ã“ã...

You may provide a definition with
\DeclareUnicodeCharacter 


! Package inputenc Error: Unicode character ãƒˆ (U+30C8)
(inputenc)                not set up for use with LaTeX.

See the inputenc package documentation for explanation.
Type  H <return>  for immediate help.
 ...                                              
                                                  
l.4 	å›£å¡Šä¸–ä»£ãŒã‚¤ãƒ³ã‚¿ãƒ¼ãƒãƒƒãƒˆ
                                         ã®åˆ©ç”¨ã«æŠµæŠ—æ„Ÿã‚’æŒã¤ã“ã...

You may provide a definition with
\DeclareUnicodeCharacter 


! Package inputenc Error: Unicode character ã® (U+306E)
(inputenc)                not set up for use with LaTeX.

See the inputenc package documentation for explanation.
Type  H <return>  for immediate help.
 ...                                              
                                                  
l.4 	å›£å¡Šä¸–ä»£ãŒã‚¤ãƒ³ã‚¿ãƒ¼ãƒãƒƒãƒˆã®
                                            åˆ©ç”¨ã«æŠµæŠ—æ„Ÿã‚’æŒã¤ã“ã...

You may provide a definition with
\DeclareUnicodeCharacter 


! Package inputenc Error: Unicode character åˆ© (U+5229)
(inputenc)                not set up for use with LaTeX.

See the inputenc package documentation for explanation.
Type  H <return>  for immediate help.
 ...                                              
                                                  
l.4 	å›£å¡Šä¸–ä»£ãŒã‚¤ãƒ³ã‚¿ãƒ¼ãƒãƒƒãƒˆã®åˆ©
                                               ç”¨ã«æŠµæŠ—æ„Ÿã‚’æŒã¤ã“ã...

You may provide a definition with
\DeclareUnicodeCharacter 


! Package inputenc Error: Unicode character ç”¨ (U+7528)
(inputenc)                not set up for use with LaTeX.

See the inputenc package documentation for explanation.
Type  H <return>  for immediate help.
 ...                                              
                                                  
l.4 	å›£å¡Šä¸–ä»£ãŒã‚¤ãƒ³ã‚¿ãƒ¼ãƒãƒƒãƒˆã®åˆ©ç”¨
                                                  ã«æŠµæŠ—æ„Ÿã‚’æŒã¤ã“ã...

You may provide a definition with
\DeclareUnicodeCharacter 


! Package inputenc Error: Unicode character ã« (U+306B)
(inputenc)                not set up for use with LaTeX.

See the inputenc package documentation for explanation.
Type  H <return>  for immediate help.
 ...                                              
                                                  
l.4 ...Šä¸–ä»£ãŒã‚¤ãƒ³ã‚¿ãƒ¼ãƒãƒƒãƒˆã®åˆ©ç”¨ã«
                                                  æŠµæŠ—æ„Ÿã‚’æŒã¤ã“ã¨ã...

You may provide a definition with
\DeclareUnicodeCharacter 


! Package inputenc Error: Unicode character æŠµ (U+62B5)
(inputenc)                not set up for use with LaTeX.

See the inputenc package documentation for explanation.
Type  H <return>  for immediate help.
 ...                                              
                                                  
l.4 ...–ä»£ãŒã‚¤ãƒ³ã‚¿ãƒ¼ãƒãƒƒãƒˆã®åˆ©ç”¨ã«æŠµ
                                                  æŠ—æ„Ÿã‚’æŒã¤ã“ã¨ãŒï¼...

You may provide a definition with
\DeclareUnicodeCharacter 


! Package inputenc Error: Unicode character æŠ— (U+6297)
(inputenc)                not set up for use with LaTeX.

See the inputenc package documentation for explanation.
Type  H <return>  for immediate help.
 ...                                              
                                                  
l.4 ...£ãŒã‚¤ãƒ³ã‚¿ãƒ¼ãƒãƒƒãƒˆã®åˆ©ç”¨ã«æŠµæŠ—
                                                  æ„Ÿã‚’æŒã¤ã“ã¨ãŒï¼Œå ...

You may provide a definition with
\DeclareUnicodeCharacter 


! Package inputenc Error: Unicode character æ„Ÿ (U+611F)
(inputenc)                not set up for use with LaTeX.

See the inputenc package documentation for explanation.
Type  H <return>  for immediate help.
 ...                                              
                                                  
l.4 ...Œã‚¤ãƒ³ã‚¿ãƒ¼ãƒãƒƒãƒˆã®åˆ©ç”¨ã«æŠµæŠ—æ„Ÿ
                                                  ã‚’æŒã¤ã“ã¨ãŒï¼Œå ±å‘...

You may provide a definition with
\DeclareUnicodeCharacter 


! Package inputenc Error: Unicode character ã‚’ (U+3092)
(inputenc)                not set up for use with LaTeX.

See the inputenc package documentation for explanation.
Type  H <return>  for immediate help.
 ...                                              
                                                  
l.4 ...¤ãƒ³ã‚¿ãƒ¼ãƒãƒƒãƒˆã®åˆ©ç”¨ã«æŠµæŠ—æ„Ÿã‚’
                                                  æŒã¤ã“ã¨ãŒï¼Œå ±å‘Šã...

You may provide a definition with
\DeclareUnicodeCharacter 


! Package inputenc Error: Unicode character æŒ (U+6301)
(inputenc)                not set up for use with LaTeX.

See the inputenc package documentation for explanation.
Type  H <return>  for immediate help.
 ...                                              
                                                  
l.4 ...³ã‚¿ãƒ¼ãƒãƒƒãƒˆã®åˆ©ç”¨ã«æŠµæŠ—æ„Ÿã‚’æŒ
                                                  ã¤ã“ã¨ãŒï¼Œå ±å‘Šã•ã‚...

You may provide a definition with
\DeclareUnicodeCharacter 


! Package inputenc Error: Unicode character ã¤ (U+3064)
(inputenc)                not set up for use with LaTeX.

See the inputenc package documentation for explanation.
Type  H <return>  for immediate help.
 ...                                              
                                                  
l.4 ...¿ãƒ¼ãƒãƒƒãƒˆã®åˆ©ç”¨ã«æŠµæŠ—æ„Ÿã‚’æŒã¤
                                                  ã“ã¨ãŒï¼Œå ±å‘Šã•ã‚Œã...

You may provide a definition with
\DeclareUnicodeCharacter 


! Package inputenc Error: Unicode character ã“ (U+3053)
(inputenc)                not set up for use with LaTeX.

See the inputenc package documentation for explanation.
Type  H <return>  for immediate help.
 ...                                              
                                                  
l.4 ...¼ãƒãƒƒãƒˆã®åˆ©ç”¨ã«æŠµæŠ—æ„Ÿã‚’æŒã¤ã“
                                                  ã¨ãŒï¼Œå ±å‘Šã•ã‚Œã¦ã...

You may provide a definition with
\DeclareUnicodeCharacter 


! Package inputenc Error: Unicode character ã¨ (U+3068)
(inputenc)                not set up for use with LaTeX.

See the inputenc package documentation for explanation.
Type  H <return>  for immediate help.
 ...                                              
                                                  
l.4 ...ãƒƒãƒˆã®åˆ©ç”¨ã«æŠµæŠ—æ„Ÿã‚’æŒã¤ã“ã¨
                                                  ãŒï¼Œå ±å‘Šã•ã‚Œã¦ã„ã‚...

You may provide a definition with
\DeclareUnicodeCharacter 


! Package inputenc Error: Unicode character ãŒ (U+304C)
(inputenc)                not set up for use with LaTeX.

See the inputenc package documentation for explanation.
Type  H <return>  for immediate help.
 ...                                              
                                                  
l.4 ...ƒãƒˆã®åˆ©ç”¨ã«æŠµæŠ—æ„Ÿã‚’æŒã¤ã“ã¨ãŒ
                                                  ï¼Œå ±å‘Šã•ã‚Œã¦ã„ã‚‹ï¼...

You may provide a definition with
\DeclareUnicodeCharacter 


! Package inputenc Error: Unicode character ï¼Œ (U+FF0C)
(inputenc)                not set up for use with LaTeX.

See the inputenc package documentation for explanation.
Type  H <return>  for immediate help.
 ...                                              
                                                  
l.4 ...ˆã®åˆ©ç”¨ã«æŠµæŠ—æ„Ÿã‚’æŒã¤ã“ã¨ãŒï¼Œ
                                                  å ±å‘Šã•ã‚Œã¦ã„ã‚‹ï¼~\...

You may provide a definition with
\DeclareUnicodeCharacter 


! Package inputenc Error: Unicode character å ± (U+5831)
(inputenc)                not set up for use with LaTeX.

See the inputenc package documentation for explanation.
Type  H <return>  for immediate help.
 ...                                              
                                                  
l.4 ...®åˆ©ç”¨ã«æŠµæŠ—æ„Ÿã‚’æŒã¤ã“ã¨ãŒï¼Œå ±
                                                  å‘Šã•ã‚Œã¦ã„ã‚‹ï¼~\cit...

You may provide a definition with
\DeclareUnicodeCharacter 


! Package inputenc Error: Unicode character å‘Š (U+544A)
(inputenc)                not set up for use with LaTeX.

See the inputenc package documentation for explanation.
Type  H <return>  for immediate help.
 ...                                              
                                                  
l.4 ...©ç”¨ã«æŠµæŠ—æ„Ÿã‚’æŒã¤ã“ã¨ãŒï¼Œå ±å‘Š
                                                  ã•ã‚Œã¦ã„ã‚‹ï¼~\cite{S...

You may provide a definition with
\DeclareUnicodeCharacter 


! Package inputenc Error: Unicode character ã• (U+3055)
(inputenc)                not set up for use with LaTeX.

See the inputenc package documentation for explanation.
Type  H <return>  for immediate help.
 ...                                              
                                                  
l.4 ...¨ã«æŠµæŠ—æ„Ÿã‚’æŒã¤ã“ã¨ãŒï¼Œå ±å‘Šã•
                                                  ã‚Œã¦ã„ã‚‹ï¼~\cite{Suo2...

You may provide a definition with
\DeclareUnicodeCharacter 


! Package inputenc Error: Unicode character ã‚Œ (U+308C)
(inputenc)                not set up for use with LaTeX.

See the inputenc package documentation for explanation.
Type  H <return>  for immediate help.
 ...                                              
                                                  
l.4 ...«æŠµæŠ—æ„Ÿã‚’æŒã¤ã“ã¨ãŒï¼Œå ±å‘Šã•ã‚Œ
                                                  ã¦ã„ã‚‹ï¼~\cite{Suo2012}
You may provide a definition with
\DeclareUnicodeCharacter 


! Package inputenc Error: Unicode character ã¦ (U+3066)
(inputenc)                not set up for use with LaTeX.

See the inputenc package documentation for explanation.
Type  H <return>  for immediate help.
 ...                                              
                                                  
l.4 ...µæŠ—æ„Ÿã‚’æŒã¤ã“ã¨ãŒï¼Œå ±å‘Šã•ã‚Œã¦
                                                  ã„ã‚‹ï¼~\cite{Suo2012}
You may provide a definition with
\DeclareUnicodeCharacter 


! Package inputenc Error: Unicode character ã„ (U+3044)
(inputenc)                not set up for use with LaTeX.

See the inputenc package documentation for explanation.
Type  H <return>  for immediate help.
 ...                                              
                                                  
l.4 ...—æ„Ÿã‚’æŒã¤ã“ã¨ãŒï¼Œå ±å‘Šã•ã‚Œã¦ã„
                                                  ã‚‹ï¼~\cite{Suo2012}
You may provide a definition with
\DeclareUnicodeCharacter 


! Package inputenc Error: Unicode character ã‚‹ (U+308B)
(inputenc)                not set up for use with LaTeX.

See the inputenc package documentation for explanation.
Type  H <return>  for immediate help.
 ...                                              
                                                  
l.4 ...Ÿã‚’æŒã¤ã“ã¨ãŒï¼Œå ±å‘Šã•ã‚Œã¦ã„ã‚‹
                                                  ï¼~\cite{Suo2012}
You may provide a definition with
\DeclareUnicodeCharacter 


! Package inputenc Error: Unicode character ï¼ (U+FF0E)
(inputenc)                not set up for use with LaTeX.

See the inputenc package documentation for explanation.
Type  H <return>  for immediate help.
 ...                                              
                                                  
l.4 ...’æŒã¤ã“ã¨ãŒï¼Œå ±å‘Šã•ã‚Œã¦ã„ã‚‹ï¼
                                                  ~\cite{Suo2012}
You may provide a definition with
\DeclareUnicodeCharacter 

Missing character: There is no [ in font nullfont!
! Undefined control sequence.
<write> ...: Citation `\@citeb ' on page \thepage 
                                                  \space undefined\on@line .
l.4 ...Œï¼Œå ±å‘Šã•ã‚Œã¦ã„ã‚‹ï¼~\cite{Suo2012}
                                                  
The control sequence at the end of the top line
of your error message was never \def'ed. If you have
misspelled it (e.g., `\hobx'), type `I' and the correct
spelling (e.g., `I\hbox'). Otherwise just continue,
and I'll forget about whatever was undefined.


LaTeX Warning: Citation `Suo2012' on page  undefined on input line 4.

Missing character: There is no ] in font nullfont!
No file review.bbl.

! LaTeX Error: The font size command \normalsize is not defined:
               there is probably something wrong with the class file.

See the LaTeX manual or LaTeX Companion for explanation.
Type  H <return>  for immediate help.
 ...                                              
                                                  
l.9 \end{document}
                  
Your command was ignored.
Type  I <command> <return>  to replace it with another command,
or  <return>  to continue without it.

[1{c:/w32tex/share/texmf-dist/fonts/map/pdftex/updmap/pdftex.map}]
(./review.aux)

LaTeX Warning: There were undefined references.

 ) 
Here is how much of TeX's memory you used:
 66 strings out of 492645
 529 string characters out of 6131888
 56409 words of memory out of 5000000
 4045 multiletter control sequences out of 15000+600000
 3948 words of font info for 15 fonts, out of 8000000 for 9000
 1141 hyphenation exceptions out of 8191
 20i,4n,27p,147b,109s stack positions out of 5000i,500n,10000p,500000b,80000s
<c:/w32tex/share/texmf-dist/fonts/type1/public/amsfonts/cm/cmbx10.pfb>
Output written on review.pdf (1 page, 9923 bytes).
PDF statistics:
 12 PDF objects out of 1000 (max. 8388607)
 7 compressed objects within 1 object stream
 0 named destinations out of 1000 (max. 500000)
 1 words of extra memory for PDF output out of 10000 (max. 10000000)

